<?xml version="1.0" encoding="UTF-8"?>
<!-- Generated by org.testng.reporters.JUnitXMLReporter -->
<testsuite hostname="LAPTOP-80ILKSPS" ignored="0" name="Verifying sum of departments" tests="1" failures="1" timestamp="16 Aug 2018 02:15:55 GMT" time="44.058" errors="0">
  <testcase name="SumofDept" time="32.257" classname="Branch_QA.Verify_SumofDepartment">
    <failure type="java.lang.AssertionError" message="expected [131] but found [133]">
      <![CDATA[java.lang.AssertionError: expected [131] but found [133]
at Branch_QA.Verify_SumofDepartment.SumofDept(Verify_SumofDepartment.java:137)
... Removed 31 stack frames]]>
    </failure>
  </testcase> <!-- SumofDept -->
</testsuite> <!-- Verifying sum of departments -->
